<?xml version="1.0" encoding="UTF-8"?>
<testsuite xmlns:xsi="http://www.w3.org/2001/XMLSchema-instance" xsi:noNamespaceSchemaLocation="https://maven.apache.org/surefire/maven-surefire-plugin/xsd/surefire-test-report-3.0.xsd" version="3.0" name="com.example.project.PostTest" time="0.18" tests="18" errors="0" skipped="0" failures="0">
  <properties>
    <property name="java.specification.version" value="17"/>
    <property name="sun.cpu.isalist" value="amd64"/>
    <property name="sun.jnu.encoding" value="Cp1252"/>
    <property name="java.class.path" value="G:\Software Engineering\junit5-jupiter-starter-maven\target\test-classes;G:\Software Engineering\junit5-jupiter-starter-maven\target\classes;C:\Users\Saad\.m2\repository\org\junit\jupiter\junit-jupiter\5.10.2\junit-jupiter-5.10.2.jar;C:\Users\Saad\.m2\repository\org\junit\jupiter\junit-jupiter-api\5.10.2\junit-jupiter-api-5.10.2.jar;C:\Users\Saad\.m2\repository\org\opentest4j\opentest4j\1.3.0\opentest4j-1.3.0.jar;C:\Users\Saad\.m2\repository\org\junit\platform\junit-platform-commons\1.10.2\junit-platform-commons-1.10.2.jar;C:\Users\Saad\.m2\repository\org\apiguardian\apiguardian-api\1.1.2\apiguardian-api-1.1.2.jar;C:\Users\Saad\.m2\repository\org\junit\jupiter\junit-jupiter-params\5.10.2\junit-jupiter-params-5.10.2.jar;C:\Users\Saad\.m2\repository\org\junit\jupiter\junit-jupiter-engine\5.10.2\junit-jupiter-engine-5.10.2.jar;C:\Users\Saad\.m2\repository\org\junit\platform\junit-platform-engine\1.10.2\junit-platform-engine-1.10.2.jar;"/>
    <property name="java.vm.vendor" value="Eclipse Adoptium"/>
    <property name="sun.arch.data.model" value="64"/>
    <property name="user.variant" value=""/>
    <property name="java.vendor.url" value="https://adoptium.net/"/>
    <property name="user.timezone" value="Australia/Sydney"/>
    <property name="os.name" value="Windows 10"/>
    <property name="java.vm.specification.version" value="17"/>
    <property name="user.country" value="AU"/>
    <property name="sun.java.launcher" value="SUN_STANDARD"/>
    <property name="sun.boot.library.path" value="C:\Users\Saad\AppData\Local\Programs\Eclipse Adoptium\jdk-17.0.6.10-hotspot\bin"/>
    <property name="sun.java.command" value="C:\Users\Saad\AppData\Local\Temp\surefire3325561044239008700\surefirebooter-20240606185149256_3.jar C:\Users\Saad\AppData\Local\Temp\surefire3325561044239008700 2024-06-06T18-51-48_912-jvmRun1 surefire-20240606185149256_1tmp surefire_0-20240606185149256_2tmp"/>
    <property name="jdk.debug" value="release"/>
    <property name="test" value="com.example.project.PostTest"/>
    <property name="surefire.test.class.path" value="G:\Software Engineering\junit5-jupiter-starter-maven\target\test-classes;G:\Software Engineering\junit5-jupiter-starter-maven\target\classes;C:\Users\Saad\.m2\repository\org\junit\jupiter\junit-jupiter\5.10.2\junit-jupiter-5.10.2.jar;C:\Users\Saad\.m2\repository\org\junit\jupiter\junit-jupiter-api\5.10.2\junit-jupiter-api-5.10.2.jar;C:\Users\Saad\.m2\repository\org\opentest4j\opentest4j\1.3.0\opentest4j-1.3.0.jar;C:\Users\Saad\.m2\repository\org\junit\platform\junit-platform-commons\1.10.2\junit-platform-commons-1.10.2.jar;C:\Users\Saad\.m2\repository\org\apiguardian\apiguardian-api\1.1.2\apiguardian-api-1.1.2.jar;C:\Users\Saad\.m2\repository\org\junit\jupiter\junit-jupiter-params\5.10.2\junit-jupiter-params-5.10.2.jar;C:\Users\Saad\.m2\repository\org\junit\jupiter\junit-jupiter-engine\5.10.2\junit-jupiter-engine-5.10.2.jar;C:\Users\Saad\.m2\repository\org\junit\platform\junit-platform-engine\1.10.2\junit-platform-engine-1.10.2.jar;"/>
    <property name="sun.cpu.endian" value="little"/>
    <property name="user.home" value="C:\Users\Saad"/>
    <property name="user.language" value="en"/>
    <property name="java.specification.vendor" value="Oracle Corporation"/>
    <property name="java.version.date" value="2023-01-17"/>
    <property name="java.home" value="C:\Users\Saad\AppData\Local\Programs\Eclipse Adoptium\jdk-17.0.6.10-hotspot"/>
    <property name="file.separator" value="\"/>
    <property name="basedir" value="G:\Software Engineering\junit5-jupiter-starter-maven"/>
    <property name="java.vm.compressedOopsMode" value="Zero based"/>
    <property name="line.separator" value="&#10;"/>
    <property name="java.vm.specification.vendor" value="Oracle Corporation"/>
    <property name="java.specification.name" value="Java Platform API Specification"/>
    <property name="surefire.real.class.path" value="C:\Users\Saad\AppData\Local\Temp\surefire3325561044239008700\surefirebooter-20240606185149256_3.jar"/>
    <property name="user.script" value=""/>
    <property name="sun.management.compiler" value="HotSpot 64-Bit Tiered Compilers"/>
    <property name="java.runtime.version" value="17.0.6+10"/>
    <property name="user.name" value="Saad"/>
    <property name="path.separator" value=";"/>
    <property name="os.version" value="10.0"/>
    <property name="java.runtime.name" value="OpenJDK Runtime Environment"/>
    <property name="file.encoding" value="Cp1252"/>
    <property name="java.vm.name" value="OpenJDK 64-Bit Server VM"/>
    <property name="java.vendor.version" value="Temurin-17.0.6+10"/>
    <property name="maven.ext.class.path" value="C:\Users\Saad\.vscode\extensions\oracle.oracle-java-22.0.1\nbcode\java\maven-nblib\netbeans-eventspy.jar"/>
    <property name="localRepository" value="C:\Users\Saad\.m2\repository"/>
    <property name="java.vendor.url.bug" value="https://github.com/adoptium/adoptium-support/issues"/>
    <property name="java.io.tmpdir" value="C:\Users\Saad\AppData\Local\Temp\"/>
    <property name="java.version" value="17.0.6"/>
    <property name="user.dir" value="G:\Software Engineering\junit5-jupiter-starter-maven"/>
    <property name="os.arch" value="amd64"/>
    <property name="java.vm.specification.name" value="Java Virtual Machine Specification"/>
    <property name="sun.os.patch.level" value=""/>
    <property name="native.encoding" value="Cp1252"/>
    <property name="java.library.path" value="C:\Users\Saad\AppData\Local\Programs\Eclipse Adoptium\jdk-17.0.6.10-hotspot\bin;C:\WINDOWS\Sun\Java\bin;C:\WINDOWS\system32;C:\WINDOWS;C:\Program Files (x86)\Common Files\Oracle\Java\java8path;C:\Program Files (x86)\Common Files\Oracle\Java\javapath;C:\Program Files (x86)\Common Files\Intel\Shared Libraries\redist\intel64_win\compiler;C:\WINDOWS\system32;C:\WINDOWS;C:\WINDOWS\System32\Wbem;C:\WINDOWS\System32\WindowsPowerShell\v1.0\;C:\WINDOWS\System32\OpenSSH\;C:\Program Files\dotnet\;G:\Git\cmd;C:\Program Files\nodejs\;C:\Program Files\PuTTY\;C:\Users\Saad\AppData\Local\Programs\Eclipse Adoptium\jdk-17.0.6.10-hotspot\bin;C:\Users\Saad\AppData\Local\Microsoft\WindowsApps;C:\Users\Saad\AppData\Local\Programs\Microsoft VS Code\bin;C:\Users\Saad\.dotnet\tools;C:\Users\Saad\AppData\Local\Google\Cloud SDK\google-cloud-sdk\bin;C:\Users\Saad\AppData\Local\GitHubDesktop\bin;C:\Users\Saad\AppData\Roaming\npm;."/>
    <property name="java.vm.info" value="mixed mode, sharing"/>
    <property name="java.vendor" value="Eclipse Adoptium"/>
    <property name="java.vm.version" value="17.0.6+10"/>
    <property name="sun.io.unicode.encoding" value="UnicodeLittle"/>
    <property name="java.class.version" value="61.0"/>
  </properties>
  <testcase name="testAddPostInvalidBody" classname="com.example.project.PostTest" time="0.03">
    <system-out><![CDATA[Post body length validation failed for 'Very Difficult' or 'Difficult'.
Validation failed: Invalid post body.

]]></system-out>
  </testcase>
  <testcase name="testAddPostInvalidTags" classname="com.example.project.PostTest" time="0.002">
    <system-out><![CDATA[Post tag validation failed for tag: JAVA
Validation failed: Invalid post tags.

]]></system-out>
  </testcase>
  <testcase name="testAddCommentInvalidLengthLong" classname="com.example.project.PostTest" time="0.002">
    <system-out><![CDATA[Post body length validation failed for 'Very Difficult' or 'Difficult'.
Validation failed: Invalid post body.

Comment word count validation failed.
]]></system-out>
  </testcase>
  <testcase name="testAddPostValidTitle" classname="com.example.project.PostTest" time="0.003">
    <system-out><![CDATA[Post ID: 1 - Post added successfully.
]]></system-out>
  </testcase>
  <testcase name="testAddCommentInvalidLowercase" classname="com.example.project.PostTest" time="0.002">
    <system-out><![CDATA[Post ID: 12 - Post added successfully.
Comment first word uppercase validation failed.
]]></system-out>
  </testcase>
  <testcase name="ValidPostBodyPostDifficulty" classname="com.example.project.PostTest" time="0.01">
    <system-out><![CDATA[Post ID: 6 - Post added successfully.
]]></system-out>
  </testcase>
  <testcase name="testAddPostInvalidTitle" classname="com.example.project.PostTest" time="0.003">
    <system-out><![CDATA[Post title length validation failed.
Validation failed: Invalid post title.

]]></system-out>
  </testcase>
  <testcase name="testAddCommentInvalidNumberOfComments" classname="com.example.project.PostTest" time="0.006">
    <system-out><![CDATA[Post body length validation failed for 'Very Difficult' or 'Difficult'.
Validation failed: Invalid post body.

Post ID: 10 - New comment created successfully
Post ID: 10 - New comment created successfully
Post ID: 10 - New comment created successfully
Post ID: 10 - New comment created successfully
Post ID: 10 - New comment created successfully
Too many comments - validation failed.
]]></system-out>
  </testcase>
  <testcase name="testAddPostValidTypeEmergency" classname="com.example.project.PostTest" time="0.005">
    <system-out><![CDATA[Post ID: 4 - Post added successfully.
]]></system-out>
  </testcase>
  <testcase name="testAddPostInvalidTitle2" classname="com.example.project.PostTest" time="0.001">
    <system-out><![CDATA[Post title length validation failed.
Validation failed: Invalid post title.

]]></system-out>
  </testcase>
  <testcase name="testAddPostValidBody" classname="com.example.project.PostTest" time="0.004">
    <system-out><![CDATA[Post ID: 3 - Post added successfully.
]]></system-out>
  </testcase>
  <testcase name="testAddPostValidTags" classname="com.example.project.PostTest" time="0.004">
    <system-out><![CDATA[Post ID: 2 - Post added successfully.
]]></system-out>
  </testcase>
  <testcase name="testAddCommentInvalidLengthShort" classname="com.example.project.PostTest" time="0.004">
    <system-out><![CDATA[Post body length validation failed for 'Very Difficult' or 'Difficult'.
Validation failed: Invalid post body.

Comment word count validation failed.
]]></system-out>
  </testcase>
  <testcase name="InvalidPostBodyPostDifficulty" classname="com.example.project.PostTest" time="0.001">
    <system-out><![CDATA[Post body length validation failed for 'Very Difficult' or 'Difficult'.
Validation failed: Invalid post body.

]]></system-out>
  </testcase>
  <testcase name="testAddPostValidTitle2" classname="com.example.project.PostTest" time="0.004">
    <system-out><![CDATA[Post ID: 5 - Post added successfully.
]]></system-out>
  </testcase>
  <testcase name="testAddCommentValidLength" classname="com.example.project.PostTest" time="0.005">
    <system-out><![CDATA[Post body length validation failed for 'Very Difficult' or 'Difficult'.
Validation failed: Invalid post body.

Post ID: 9 - New comment created successfully
]]></system-out>
  </testcase>
  <testcase name="testAddCommentInvalidNumberOfComments2" classname="com.example.project.PostTest" time="0.008">
    <system-out><![CDATA[Post ID: 11 - Post added successfully.
Post ID: 11 - New comment created successfully
Post ID: 11 - New comment created successfully
Post ID: 11 - New comment created successfully
Too many comments - validation failed.
]]></system-out>
  </testcase>
  <testcase name="testAddPostInvalidTypeEmergency" classname="com.example.project.PostTest" time="0.006">
    <system-out><![CDATA['Easy' post cannot have 'Immediately Needed' or 'Highly Needed' status.
Validation failed: Invalid post type or emergency.

]]></system-out>
  </testcase>
</testsuite>